--------------------------------------------------------------------------------
Release 13.4 Trace  (lin64)
Copyright (c) 1995-2011 Xilinx, Inc.  All rights reserved.

/afs/csail.mit.edu/group/csg/tools/tools_lx86/xilinx/13.4/ISE_DS/ISE/bin/lin64/unwrapped/trce
-e 3 -u 3 -xml mkBridge.twx mkBridge.ncd mkBridge.pcf

Design file:              mkBridge.ncd
Physical constraint file: mkBridge.pcf
Device,package,speed:     xc5vlx110t,ff1136,-1 (PRODUCTION 1.73 2012-01-07, STEPPING level 0)
Report level:             error report
                          unconstrained path report

Environment Variable      Effect 
--------------------      ------ 
NONE                      No environment variables were set
--------------------------------------------------------------------------------

WARNING:Timing:3223 - Timing constraint TS_sync_uf_to_sf = MAXDELAY FROM 
   TIMEGRP "uclock_flops" TO TIMEGRP        "scemi_clock_flops" TS_scemi_clock 
   DATAPATHONLY; ignored during timing analysis.
WARNING:Timing:3223 - Timing constraint TS_sync_sf_to_nf = MAXDELAY FROM 
   TIMEGRP "scemi_clock_flops" TO TIMEGRP        "noc_flops" TS_scemi_clock 
   DATAPATHONLY; ignored during timing analysis.
WARNING:Timing:3223 - Timing constraint TS_sync_nf_to_sf = MAXDELAY FROM 
   TIMEGRP "noc_flops" TO TIMEGRP        "scemi_clock_flops" TS_scemi_clock 
   DATAPATHONLY; ignored during timing analysis.
INFO:Timing:3386 - Intersecting Constraints found and resolved.  For more 
   information, see the TSI report.  Please consult the Xilinx Command Line 
   Tools User Guide for information on generating a TSI report.
INFO:Timing:3412 - To improve timing, see the Timing Closure User Guide (UG612).
INFO:Timing:3339 - The clock-to-out numbers in this timing report are based on 
   a 50 Ohm transmission line loading model.  For the details of this model, 
   and for more information on accounting for different loading conditions, 
   please see the device datasheet.

================================================================================
Timing constraint: TS_refclk_100 = PERIOD TIMEGRP "refclk_100" 100 MHz HIGH 
50%;
For more information, see Period Analysis in the Timing Closure User Guide (UG612).

 2 paths analyzed, 2 endpoints analyzed, 0 failing endpoints
 0 timing errors detected. (0 setup errors, 0 hold errors, 0 component switching limit errors)
 Minimum period is   4.000ns.
--------------------------------------------------------------------------------

================================================================================
Timing constraint: TS_pci_sys_clk_p = PERIOD TIMEGRP "pci_sys_clk_p" 100 MHz 
HIGH 50%;
For more information, see Period Analysis in the Timing Closure User Guide (UG612).

 0 paths analyzed, 0 endpoints analyzed, 0 failing endpoints
 0 timing errors detected. (0 component switching limit errors)
 Minimum period is   4.000ns.
--------------------------------------------------------------------------------

================================================================================
Timing constraint: TS_scemi_clock = PERIOD TIMEGRP "scemi_clock" 10 ns HIGH 50% 
INPUT_JITTER 0.3         ns;
For more information, see Period Analysis in the Timing Closure User Guide (UG612).

 0 paths analyzed, 0 endpoints analyzed, 0 failing endpoints
 0 timing errors detected. (0 component switching limit errors)
 Minimum period is   1.666ns.
--------------------------------------------------------------------------------

================================================================================
Timing constraint: TS_uclock = PERIOD TIMEGRP "uclock" TS_scemi_clock * 2 HIGH 
50%;
For more information, see Period Analysis in the Timing Closure User Guide (UG612).

 145521 paths analyzed, 2852 endpoints analyzed, 0 failing endpoints
 0 timing errors detected. (0 setup errors, 0 hold errors, 0 component switching limit errors)
 Minimum period is   9.589ns.
--------------------------------------------------------------------------------

================================================================================
Timing constraint: TS_cclock = PERIOD TIMEGRP "cclock" TS_scemi_clock * 2 HIGH 
50%;
For more information, see Period Analysis in the Timing Closure User Guide (UG612).

 901766 paths analyzed, 13711 endpoints analyzed, 0 failing endpoints
 0 timing errors detected. (0 setup errors, 0 hold errors, 0 component switching limit errors)
 Minimum period is  12.809ns.
--------------------------------------------------------------------------------

================================================================================
Timing constraint: TS_sync_sf_to_uf = MAXDELAY FROM TIMEGRP "scemi_clock_flops" 
TO TIMEGRP         "uclock_flops" TS_scemi_clock DATAPATHONLY;
For more information, see From:To (Multicycle) Analysis in the Timing Closure User Guide (UG612).

 32836 paths analyzed, 1350 endpoints analyzed, 0 failing endpoints
 0 timing errors detected. (0 setup errors, 0 hold errors)
 Maximum delay is   8.110ns.
--------------------------------------------------------------------------------

================================================================================
Timing constraint: TS_sync_uf_to_sf = MAXDELAY FROM TIMEGRP "uclock_flops" TO 
TIMEGRP         "scemi_clock_flops" TS_scemi_clock DATAPATHONLY;
For more information, see From:To (Multicycle) Analysis in the Timing Closure User Guide (UG612).

 0 paths analyzed, 0 endpoints analyzed, 0 failing endpoints
 0 timing errors detected.
--------------------------------------------------------------------------------

================================================================================
Timing constraint: TS_sync_uf_to_cf = MAXDELAY FROM TIMEGRP "uclock_flops" TO 
TIMEGRP         "cclock_flops" TS_uclock DATAPATHONLY;
For more information, see From:To (Multicycle) Analysis in the Timing Closure User Guide (UG612).

 12 paths analyzed, 12 endpoints analyzed, 0 failing endpoints
 0 timing errors detected. (0 setup errors, 0 hold errors)
 Maximum delay is   1.239ns.
--------------------------------------------------------------------------------

================================================================================
Timing constraint: TS_sync_cf_to_uf = MAXDELAY FROM TIMEGRP "cclock_flops" TO 
TIMEGRP         "uclock_flops" TS_uclock DATAPATHONLY;
For more information, see From:To (Multicycle) Analysis in the Timing Closure User Guide (UG612).

 10 paths analyzed, 10 endpoints analyzed, 0 failing endpoints
 0 timing errors detected. (0 setup errors, 0 hold errors)
 Maximum delay is   1.138ns.
--------------------------------------------------------------------------------

================================================================================
Timing constraint: TS_sync_sf_to_nf = MAXDELAY FROM TIMEGRP "scemi_clock_flops" 
TO TIMEGRP         "noc_flops" TS_scemi_clock DATAPATHONLY;
For more information, see From:To (Multicycle) Analysis in the Timing Closure User Guide (UG612).

 0 paths analyzed, 0 endpoints analyzed, 0 failing endpoints
 0 timing errors detected.
--------------------------------------------------------------------------------

================================================================================
Timing constraint: TS_sync_uf_to_nf = MAXDELAY FROM TIMEGRP "uclock_flops" TO 
TIMEGRP "noc_flops"         TS_uclock DATAPATHONLY;
For more information, see From:To (Multicycle) Analysis in the Timing Closure User Guide (UG612).

 160 paths analyzed, 111 endpoints analyzed, 0 failing endpoints
 0 timing errors detected. (0 setup errors, 0 hold errors)
 Maximum delay is   4.235ns.
--------------------------------------------------------------------------------

================================================================================
Timing constraint: TS_sync_nf_to_sf = MAXDELAY FROM TIMEGRP "noc_flops" TO 
TIMEGRP         "scemi_clock_flops" TS_scemi_clock DATAPATHONLY;
For more information, see From:To (Multicycle) Analysis in the Timing Closure User Guide (UG612).

 0 paths analyzed, 0 endpoints analyzed, 0 failing endpoints
 0 timing errors detected.
--------------------------------------------------------------------------------

================================================================================
Timing constraint: TS_sync_nf_to_uf = MAXDELAY FROM TIMEGRP "noc_flops" TO 
TIMEGRP "uclock_flops"         TS_uclock DATAPATHONLY;
For more information, see From:To (Multicycle) Analysis in the Timing Closure User Guide (UG612).

 23000 paths analyzed, 520 endpoints analyzed, 0 failing endpoints
 0 timing errors detected. (0 setup errors, 0 hold errors)
 Maximum delay is   8.539ns.
--------------------------------------------------------------------------------

================================================================================
Timing constraint: TS_SYSCLK = PERIOD TIMEGRP "SYSCLK" 100 MHz HIGH 50%;
For more information, see Period Analysis in the Timing Closure User Guide (UG612).

 0 paths analyzed, 0 endpoints analyzed, 0 failing endpoints
 0 timing errors detected. (0 component switching limit errors)
 Minimum period is   4.000ns.
--------------------------------------------------------------------------------

================================================================================
Timing constraint: TS_CLK_62 = PERIOD TIMEGRP "CLK_62" 62.5 MHz HIGH 50%;
For more information, see Period Analysis in the Timing Closure User Guide (UG612).

 0 paths analyzed, 0 endpoints analyzed, 0 failing endpoints
 0 timing errors detected. (0 component switching limit errors)
 Minimum period is   8.000ns.
--------------------------------------------------------------------------------

================================================================================
Timing constraint: TS_MGTCLK = PERIOD TIMEGRP "MGTCLK" 100 MHz HIGH 50%;
For more information, see Period Analysis in the Timing Closure User Guide (UG612).

 298 paths analyzed, 66 endpoints analyzed, 0 failing endpoints
 0 timing errors detected. (0 setup errors, 0 hold errors, 0 component switching limit errors)
 Minimum period is   4.000ns.
--------------------------------------------------------------------------------

================================================================================
Timing constraint: TS_clk_gen_pll_CLKOUT0 = PERIOD TIMEGRP 
"clk_gen_pll_CLKOUT0" TS_refclk_100         HIGH 50%;
For more information, see Period Analysis in the Timing Closure User Guide (UG612).

 10261 paths analyzed, 845 endpoints analyzed, 0 failing endpoints
 0 timing errors detected. (0 setup errors, 0 hold errors, 0 component switching limit errors)
 Minimum period is   5.546ns.
--------------------------------------------------------------------------------

================================================================================
Timing constraint: TS_scemi_pcie_ep_pcie_ep0_pcie_blk_clocking_i_clkout0 = 
PERIOD TIMEGRP         "scemi_pcie_ep_pcie_ep0_pcie_blk_clocking_i_clkout0" 
TS_pci_sys_clk_p         * 2.5 HIGH 50%;
For more information, see Period Analysis in the Timing Closure User Guide (UG612).

 0 paths analyzed, 0 endpoints analyzed, 0 failing endpoints
 0 timing errors detected. (0 component switching limit errors)
 Minimum period is   4.000ns.
--------------------------------------------------------------------------------

================================================================================
Timing constraint: TS_scemi_pcie_ep_pcie_ep0_pcie_blk_clocking_i_clkout1 = 
PERIOD TIMEGRP         "scemi_pcie_ep_pcie_ep0_pcie_blk_clocking_i_clkout1" 
TS_pci_sys_clk_p         * 0.625 HIGH 50%;
For more information, see Period Analysis in the Timing Closure User Guide (UG612).

 0 paths analyzed, 0 endpoints analyzed, 0 failing endpoints
 0 timing errors detected. (0 component switching limit errors)
 Minimum period is   8.000ns.
--------------------------------------------------------------------------------

================================================================================
Timing constraint: TS_scemi_pcie_ep_pcie_ep0_pcie_blk_clocking_i_clkout0_0 = 
PERIOD TIMEGRP         "scemi_pcie_ep_pcie_ep0_pcie_blk_clocking_i_clkout0_0" 
TS_SYSCLK * 2.5         HIGH 50%;
For more information, see Period Analysis in the Timing Closure User Guide (UG612).

 0 paths analyzed, 0 endpoints analyzed, 0 failing endpoints
 0 timing errors detected. (0 component switching limit errors)
 Minimum period is   4.000ns.
--------------------------------------------------------------------------------

================================================================================
Timing constraint: TS_scemi_pcie_ep_pcie_ep0_pcie_blk_clocking_i_clkout1_0 = 
PERIOD TIMEGRP         "scemi_pcie_ep_pcie_ep0_pcie_blk_clocking_i_clkout1_0" 
TS_SYSCLK *         0.625 HIGH 50%;
For more information, see Period Analysis in the Timing Closure User Guide (UG612).

 0 paths analyzed, 0 endpoints analyzed, 0 failing endpoints
 0 timing errors detected. (0 component switching limit errors)
 Minimum period is   8.000ns.
--------------------------------------------------------------------------------

================================================================================
Timing constraint: TS_scemi_pcie_ep_pcie_ep0_pcie_blk_clocking_i_clkout0_1 = 
PERIOD TIMEGRP         "scemi_pcie_ep_pcie_ep0_pcie_blk_clocking_i_clkout0_1" 
TS_MGTCLK * 2.5         HIGH 50%;
For more information, see Period Analysis in the Timing Closure User Guide (UG612).

 1335 paths analyzed, 797 endpoints analyzed, 0 failing endpoints
 0 timing errors detected. (0 setup errors, 0 hold errors, 0 component switching limit errors)
 Minimum period is   4.000ns.
--------------------------------------------------------------------------------

================================================================================
Timing constraint: TS_scemi_pcie_ep_pcie_ep0_pcie_blk_clocking_i_clkout1_1 = 
PERIOD TIMEGRP         "scemi_pcie_ep_pcie_ep0_pcie_blk_clocking_i_clkout1_1" 
TS_MGTCLK *         0.625 HIGH 50%;
For more information, see Period Analysis in the Timing Closure User Guide (UG612).

 4137215 paths analyzed, 36651 endpoints analyzed, 2 failing endpoints
 2 timing errors detected. (2 setup errors, 0 hold errors, 0 component switching limit errors)
 Minimum period is  16.480ns.
--------------------------------------------------------------------------------
Slack:                  -0.120ns (requirement - (data path - clock path skew + uncertainty))
  Source:               scemi_pcie_ep/pcie_ep0/pcie_blk/pcie_ep (CPU)
  Destination:          scemi_pcie_ep/pcie_ep0/pcie_blk_if/cf_bridge/management_interface/l0_dll_error_vector_d_0 (FF)
  Requirement:          4.000ns
  Data Path Delay:      3.449ns (Levels of Logic = 1)
  Clock Path Skew:      -0.458ns (3.461 - 3.919)
  Source Clock:         scemi_pcie_ep/pcie_ep0/core_clk rising at 12.000ns
  Destination Clock:    scemi_pcie_ep_trn_clk rising at 16.000ns
  Clock Uncertainty:    0.213ns

  Clock Uncertainty:          0.213ns  ((TSJ^2 + DJ^2)^1/2) / 2 + PE
    Total System Jitter (TSJ):  0.070ns
    Discrete Jitter (DJ):       0.172ns
    Phase Error (PE):           0.120ns

  Maximum Data Path: scemi_pcie_ep/pcie_ep0/pcie_blk/pcie_ep to scemi_pcie_ep/pcie_ep0/pcie_blk_if/cf_bridge/management_interface/l0_dll_error_vector_d_0
    Location                    Delay type         Delay(ns)  Physical Resource
                                                              Logical Resource(s)
    --------------------------------------------------------  -------------------
    PCIE_X0Y0.L0DLLERRORVECTOR0 Tpcicko_CFG           1.763   scemi_pcie_ep/pcie_ep0/pcie_blk/pcie_ep
                                                              scemi_pcie_ep/pcie_ep0/pcie_blk/pcie_ep
    SLICE_X98Y74.A3             net (fanout=2)        1.660   scemi_pcie_ep/pcie_ep0/fe_l0_dll_error_vector<0>
    SLICE_X98Y74.CLK            Tas                   0.026   scemi_pcie_ep/pcie_ep0/pcie_blk_if/cf_bridge/management_interface/l0_dll_error_vector_d<3>
                                                              scemi_pcie_ep/pcie_ep0/extend_clk/l0_dll_error_vector_retime_0_or00001
                                                              scemi_pcie_ep/pcie_ep0/pcie_blk_if/cf_bridge/management_interface/l0_dll_error_vector_d_0
    --------------------------------------------------------  ---------------------------
    Total                                             3.449ns (1.789ns logic, 1.660ns route)
                                                              (51.9% logic, 48.1% route)

--------------------------------------------------------------------------------
Slack:                  -0.001ns (requirement - (data path - clock path skew + uncertainty))
  Source:               scemi_pcie_ep/pcie_ep0/pcie_blk/pcie_ep (CPU)
  Destination:          scemi_pcie_ep/pcie_ep0/pcie_blk_if/cf_bridge/management_interface/l0_dll_error_vector_d_2 (FF)
  Requirement:          4.000ns
  Data Path Delay:      3.330ns (Levels of Logic = 1)
  Clock Path Skew:      -0.458ns (3.461 - 3.919)
  Source Clock:         scemi_pcie_ep/pcie_ep0/core_clk rising at 12.000ns
  Destination Clock:    scemi_pcie_ep_trn_clk rising at 16.000ns
  Clock Uncertainty:    0.213ns

  Clock Uncertainty:          0.213ns  ((TSJ^2 + DJ^2)^1/2) / 2 + PE
    Total System Jitter (TSJ):  0.070ns
    Discrete Jitter (DJ):       0.172ns
    Phase Error (PE):           0.120ns

  Maximum Data Path: scemi_pcie_ep/pcie_ep0/pcie_blk/pcie_ep to scemi_pcie_ep/pcie_ep0/pcie_blk_if/cf_bridge/management_interface/l0_dll_error_vector_d_2
    Location                    Delay type         Delay(ns)  Physical Resource
                                                              Logical Resource(s)
    --------------------------------------------------------  -------------------
    PCIE_X0Y0.L0DLLERRORVECTOR2 Tpcicko_CFG           1.628   scemi_pcie_ep/pcie_ep0/pcie_blk/pcie_ep
                                                              scemi_pcie_ep/pcie_ep0/pcie_blk/pcie_ep
    SLICE_X98Y74.C3             net (fanout=2)        1.673   scemi_pcie_ep/pcie_ep0/fe_l0_dll_error_vector<2>
    SLICE_X98Y74.CLK            Tas                   0.029   scemi_pcie_ep/pcie_ep0/pcie_blk_if/cf_bridge/management_interface/l0_dll_error_vector_d<3>
                                                              scemi_pcie_ep/pcie_ep0/extend_clk/l0_dll_error_vector_retime_2_or00001
                                                              scemi_pcie_ep/pcie_ep0/pcie_blk_if/cf_bridge/management_interface/l0_dll_error_vector_d_2
    --------------------------------------------------------  ---------------------------
    Total                                             3.330ns (1.657ns logic, 1.673ns route)
                                                              (49.8% logic, 50.2% route)

--------------------------------------------------------------------------------

================================================================================
Timing constraint: Unconstrained OFFSET OUT AFTER analysis for clock 
"scemi_pcie_ep_trn_clk" 

 1 path analyzed, 1 endpoint analyzed, 0 failing endpoints
 0 timing errors detected.
 Maximum allowable offset is  13.992ns.
--------------------------------------------------------------------------------

================================================================================
Timing constraint: Unconstrained OFFSET OUT AFTER analysis for clock 
"clk_gen_clk0buffer_O" 

 88 paths analyzed, 1 endpoint analyzed, 0 failing endpoints
 0 timing errors detected.
 Maximum allowable offset is  10.189ns.
--------------------------------------------------------------------------------

================================================================================
Timing constraint: Unconstrained path analysis 

 20188 paths analyzed, 11292 endpoints analyzed, 245 failing endpoints
 245 timing errors detected. (0 setup errors, 245 hold errors)
 Minimum period is  12.004ns.
--------------------------------------------------------------------------------
Hold Paths: Unconstrained path analysis 
--------------------------------------------------------------------------------
Slack (hold path):      -4.284ns (requirement - (clock path skew + uncertainty - data path))
  Source:               scemi_init_state_msgFIFO/Mram_fifoMem1_RAMA_D1 (RAM)
  Destination:          scemi_init_state_msgFIFO/dDoutReg_1 (FF)
  Requirement:          0.000ns
  Data Path Delay:      1.447ns (Levels of Logic = 0)
  Positive Clock Path Skew: 5.515ns (8.901 - 3.386)
  Source Clock:         scemi_uclkgen_CLK_OUT rising
  Destination Clock:    scemi_pcie_ep_trn_clk rising
  Clock Uncertainty:    0.216ns

  Clock Uncertainty:          0.216ns  ((TSJ^2 + DJ^2)^1/2) / 2 + PE
    Total System Jitter (TSJ):  0.070ns
    Discrete Jitter (DJ):       0.172ns
    Phase Error (PE):           0.123ns

  Minimum Data Path: scemi_init_state_msgFIFO/Mram_fifoMem1_RAMA_D1 to scemi_init_state_msgFIFO/dDoutReg_1
    Location             Delay type         Delay(ns)  Physical Resource
                                                       Logical Resource(s)
    -------------------------------------------------  -------------------
    SLICE_X32Y77.A       Tshcko                1.394   scemi_init_state_msgFIFO/_varindex0000<5>
                                                       scemi_init_state_msgFIFO/Mram_fifoMem1_RAMA_D1
    SLICE_X32Y79.BX      net (fanout=1)        0.295   scemi_init_state_msgFIFO/_varindex0000<1>
    SLICE_X32Y79.CLK     Tckdi       (-Th)     0.242   scemi_init_state_msgFIFO_dD_OUT<3>
                                                       scemi_init_state_msgFIFO/dDoutReg_1
    -------------------------------------------------  ---------------------------
    Total                                      1.447ns (1.152ns logic, 0.295ns route)
                                                       (79.6% logic, 20.4% route)
--------------------------------------------------------------------------------
Slack (hold path):      -4.275ns (requirement - (clock path skew + uncertainty - data path))
  Source:               scemi_init_state_msgFIFO/Mram_fifoMem9_RAMA_D1 (RAM)
  Destination:          scemi_init_state_msgFIFO/dDoutReg_49 (FF)
  Requirement:          0.000ns
  Data Path Delay:      1.447ns (Levels of Logic = 0)
  Positive Clock Path Skew: 5.506ns (8.867 - 3.361)
  Source Clock:         scemi_uclkgen_CLK_OUT rising
  Destination Clock:    scemi_pcie_ep_trn_clk rising
  Clock Uncertainty:    0.216ns

  Clock Uncertainty:          0.216ns  ((TSJ^2 + DJ^2)^1/2) / 2 + PE
    Total System Jitter (TSJ):  0.070ns
    Discrete Jitter (DJ):       0.172ns
    Phase Error (PE):           0.123ns

  Minimum Data Path: scemi_init_state_msgFIFO/Mram_fifoMem9_RAMA_D1 to scemi_init_state_msgFIFO/dDoutReg_49
    Location             Delay type         Delay(ns)  Physical Resource
                                                       Logical Resource(s)
    -------------------------------------------------  -------------------
    SLICE_X32Y70.A       Tshcko                1.394   scemi_init_state_msgFIFO/_varindex0000<53>
                                                       scemi_init_state_msgFIFO/Mram_fifoMem9_RAMA_D1
    SLICE_X32Y71.BX      net (fanout=1)        0.295   scemi_init_state_msgFIFO/_varindex0000<49>
    SLICE_X32Y71.CLK     Tckdi       (-Th)     0.242   scemi_init_state_msgFIFO_dD_OUT<51>
                                                       scemi_init_state_msgFIFO/dDoutReg_49
    -------------------------------------------------  ---------------------------
    Total                                      1.447ns (1.152ns logic, 0.295ns route)
                                                       (79.6% logic, 20.4% route)
--------------------------------------------------------------------------------
Slack (hold path):      -4.274ns (requirement - (clock path skew + uncertainty - data path))
  Source:               scemi_init_state_msgFIFO/Mram_fifoMem2_RAMB_D1 (RAM)
  Destination:          scemi_init_state_msgFIFO/dDoutReg_9 (FF)
  Requirement:          0.000ns
  Data Path Delay:      1.451ns (Levels of Logic = 0)
  Positive Clock Path Skew: 5.509ns (8.881 - 3.372)
  Source Clock:         scemi_uclkgen_CLK_OUT rising
  Destination Clock:    scemi_pcie_ep_trn_clk rising
  Clock Uncertainty:    0.216ns

  Clock Uncertainty:          0.216ns  ((TSJ^2 + DJ^2)^1/2) / 2 + PE
    Total System Jitter (TSJ):  0.070ns
    Discrete Jitter (DJ):       0.172ns
    Phase Error (PE):           0.123ns

  Minimum Data Path: scemi_init_state_msgFIFO/Mram_fifoMem2_RAMB_D1 to scemi_init_state_msgFIFO/dDoutReg_9
    Location             Delay type         Delay(ns)  Physical Resource
                                                       Logical Resource(s)
    -------------------------------------------------  -------------------
    SLICE_X32Y72.B       Tshcko                1.405   scemi_init_state_msgFIFO/_varindex0000<11>
                                                       scemi_init_state_msgFIFO/Mram_fifoMem2_RAMB_D1
    SLICE_X32Y73.BX      net (fanout=1)        0.288   scemi_init_state_msgFIFO/_varindex0000<9>
    SLICE_X32Y73.CLK     Tckdi       (-Th)     0.242   scemi_init_state_msgFIFO_dD_OUT<11>
                                                       scemi_init_state_msgFIFO/dDoutReg_9
    -------------------------------------------------  ---------------------------
    Total                                      1.451ns (1.163ns logic, 0.288ns route)
                                                       (80.2% logic, 19.8% route)
--------------------------------------------------------------------------------

================================================================================
Timing constraint: Pin to Pin Skew Constraint;

 3 paths analyzed, 0 endpoints analyzed, 0 failing endpoints
 0 timing errors detected.
--------------------------------------------------------------------------------
Slack:                  0.341ns (maxskew - uncertainty - (arrival1 - arrival2))
  Max skew:             0.650ns
  Arrival 1:            3.919ns scemi_pcie_ep/pcie_ep0/pcie_blk/pcie_ep/CRMCORECLK
  Arrival 2:            3.645ns scemi_pcie_ep/pcie_ep0/pcie_blk/pcie_ep/CRMUSERCLK
  Clock Uncertainty:    0.035ns

--------------------------------------------------------------------------------
Slack:                  0.341ns (maxskew - uncertainty - (arrival1 - arrival2))
  Max skew:             0.650ns
  Arrival 1:            3.918ns scemi_pcie_ep/pcie_ep0/pcie_blk/pcie_ep/CRMCORECLKTXO
  Arrival 2:            3.644ns scemi_pcie_ep/pcie_ep0/pcie_blk/pcie_ep/CRMUSERCLKTXO
  Clock Uncertainty:    0.035ns

--------------------------------------------------------------------------------
Slack:                  0.343ns (maxskew - uncertainty - (arrival1 - arrival2))
  Max skew:             0.650ns
  Arrival 1:            3.888ns scemi_pcie_ep/pcie_ep0/pcie_blk/pcie_ep/CRMCORECLKRXO
  Arrival 2:            3.616ns scemi_pcie_ep/pcie_ep0/pcie_blk/pcie_ep/CRMUSERCLKRXO
  Clock Uncertainty:    0.035ns

--------------------------------------------------------------------------------


Derived Constraint Report
Derived Constraints for TS_refclk_100
+-------------------------------+-------------+-------------+-------------+-------------+-------------+-------------+-------------+
|                               |   Period    |       Actual Period       |      Timing Errors        |      Paths Analyzed       |
|           Constraint          | Requirement |-------------+-------------|-------------+-------------|-------------+-------------|
|                               |             |   Direct    | Derivative  |   Direct    | Derivative  |   Direct    | Derivative  |
+-------------------------------+-------------+-------------+-------------+-------------+-------------+-------------+-------------+
|TS_refclk_100                  |     10.000ns|      4.000ns|      5.546ns|            0|            0|            2|        10261|
| TS_clk_gen_pll_CLKOUT0        |     10.000ns|      5.546ns|          N/A|            0|            0|        10261|            0|
+-------------------------------+-------------+-------------+-------------+-------------+-------------+-------------+-------------+

Derived Constraints for TS_pci_sys_clk_p
+-------------------------------+-------------+-------------+-------------+-------------+-------------+-------------+-------------+
|                               |   Period    |       Actual Period       |      Timing Errors        |      Paths Analyzed       |
|           Constraint          | Requirement |-------------+-------------|-------------+-------------|-------------+-------------|
|                               |             |   Direct    | Derivative  |   Direct    | Derivative  |   Direct    | Derivative  |
+-------------------------------+-------------+-------------+-------------+-------------+-------------+-------------+-------------+
|TS_pci_sys_clk_p               |     10.000ns|      4.000ns|     10.000ns|            0|            0|            0|            0|
| TS_scemi_pcie_ep_pcie_ep0_pcie|      4.000ns|      4.000ns|          N/A|            0|            0|            0|            0|
| _blk_clocking_i_clkout0       |             |             |             |             |             |             |             |
| TS_scemi_pcie_ep_pcie_ep0_pcie|     16.000ns|      8.000ns|          N/A|            0|            0|            0|            0|
| _blk_clocking_i_clkout1       |             |             |             |             |             |             |             |
+-------------------------------+-------------+-------------+-------------+-------------+-------------+-------------+-------------+

Derived Constraints for TS_scemi_clock
+-------------------------------+-------------+-------------+-------------+-------------+-------------+-------------+-------------+
|                               |   Period    |       Actual Period       |      Timing Errors        |      Paths Analyzed       |
|           Constraint          | Requirement |-------------+-------------|-------------+-------------|-------------+-------------|
|                               |             |   Direct    | Derivative  |   Direct    | Derivative  |   Direct    | Derivative  |
+-------------------------------+-------------+-------------+-------------+-------------+-------------+-------------+-------------+
|TS_scemi_clock                 |     10.000ns|      1.666ns|      8.110ns|            0|            0|            0|      1103305|
| TS_uclock                     |     20.000ns|      9.589ns|      8.539ns|            0|            0|       145521|        23182|
|  TS_sync_uf_to_cf             |     20.000ns|      1.239ns|          N/A|            0|            0|           12|            0|
|  TS_sync_cf_to_uf             |     20.000ns|      1.138ns|          N/A|            0|            0|           10|            0|
|  TS_sync_uf_to_nf             |     20.000ns|      4.235ns|          N/A|            0|            0|          160|            0|
|  TS_sync_nf_to_uf             |     20.000ns|      8.539ns|          N/A|            0|            0|        23000|            0|
| TS_cclock                     |     20.000ns|     12.809ns|          N/A|            0|            0|       901766|            0|
| TS_sync_sf_to_uf              |     10.000ns|      8.110ns|          N/A|            0|            0|        32836|            0|
| TS_sync_uf_to_sf              |     10.000ns|          N/A|          N/A|            0|            0|            0|            0|
| TS_sync_sf_to_nf              |     10.000ns|          N/A|          N/A|            0|            0|            0|            0|
| TS_sync_nf_to_sf              |     10.000ns|          N/A|          N/A|            0|            0|            0|            0|
+-------------------------------+-------------+-------------+-------------+-------------+-------------+-------------+-------------+

Derived Constraints for TS_SYSCLK
+-------------------------------+-------------+-------------+-------------+-------------+-------------+-------------+-------------+
|                               |   Period    |       Actual Period       |      Timing Errors        |      Paths Analyzed       |
|           Constraint          | Requirement |-------------+-------------|-------------+-------------|-------------+-------------|
|                               |             |   Direct    | Derivative  |   Direct    | Derivative  |   Direct    | Derivative  |
+-------------------------------+-------------+-------------+-------------+-------------+-------------+-------------+-------------+
|TS_SYSCLK                      |     10.000ns|      4.000ns|     10.000ns|            0|            0|            0|            0|
| TS_scemi_pcie_ep_pcie_ep0_pcie|      4.000ns|      4.000ns|          N/A|            0|            0|            0|            0|
| _blk_clocking_i_clkout0_0     |             |             |             |             |             |             |             |
| TS_scemi_pcie_ep_pcie_ep0_pcie|     16.000ns|      8.000ns|          N/A|            0|            0|            0|            0|
| _blk_clocking_i_clkout1_0     |             |             |             |             |             |             |             |
+-------------------------------+-------------+-------------+-------------+-------------+-------------+-------------+-------------+

Derived Constraints for TS_MGTCLK
+-------------------------------+-------------+-------------+-------------+-------------+-------------+-------------+-------------+
|                               |   Period    |       Actual Period       |      Timing Errors        |      Paths Analyzed       |
|           Constraint          | Requirement |-------------+-------------|-------------+-------------|-------------+-------------|
|                               |             |   Direct    | Derivative  |   Direct    | Derivative  |   Direct    | Derivative  |
+-------------------------------+-------------+-------------+-------------+-------------+-------------+-------------+-------------+
|TS_MGTCLK                      |     10.000ns|      4.000ns|     10.300ns|            0|            2|          298|      4138550|
| TS_scemi_pcie_ep_pcie_ep0_pcie|      4.000ns|      4.000ns|          N/A|            0|            0|         1335|            0|
| _blk_clocking_i_clkout0_1     |             |             |             |             |             |             |             |
| TS_scemi_pcie_ep_pcie_ep0_pcie|     16.000ns|     16.480ns|          N/A|            2|            0|      4137215|            0|
| _blk_clocking_i_clkout1_1     |             |             |             |             |             |             |             |
+-------------------------------+-------------+-------------+-------------+-------------+-------------+-------------+-------------+

2 constraints not met.


Data Sheet report:
-----------------
All values displayed in nanoseconds (ns)

Clock CLK_pci_sys_clk_n to Pad
------------+------------+---------------------+--------+
            | clk (edge) |                     | Clock  |
Destination |   to PAD   |Internal Clock(s)    | Phase  |
------------+------------+---------------------+--------+
leds<0>     |   13.992(R)|scemi_pcie_ep_trn_clk|   0.000|
------------+------------+---------------------+--------+

Clock CLK_pci_sys_clk_p to Pad
------------+------------+---------------------+--------+
            | clk (edge) |                     | Clock  |
Destination |   to PAD   |Internal Clock(s)    | Phase  |
------------+------------+---------------------+--------+
leds<0>     |   13.992(R)|scemi_pcie_ep_trn_clk|   0.000|
------------+------------+---------------------+--------+

Clock CLK_refclk_100 to Pad
------------+------------+--------------------+--------+
            | clk (edge) |                    | Clock  |
Destination |   to PAD   |Internal Clock(s)   | Phase  |
------------+------------+--------------------+--------+
leds<1>     |   10.189(R)|clk_gen_clk0buffer_O|   0.000|
------------+------------+--------------------+--------+

Clock to Setup on destination clock CLK_pci_sys_clk_n
-----------------+---------+---------+---------+---------+
                 | Src:Rise| Src:Fall| Src:Rise| Src:Fall|
Source Clock     |Dest:Rise|Dest:Rise|Dest:Fall|Dest:Fall|
-----------------+---------+---------+---------+---------+
CLK_pci_sys_clk_n|   15.642|         |         |         |
CLK_pci_sys_clk_p|   15.642|         |         |         |
-----------------+---------+---------+---------+---------+

Clock to Setup on destination clock CLK_pci_sys_clk_p
-----------------+---------+---------+---------+---------+
                 | Src:Rise| Src:Fall| Src:Rise| Src:Fall|
Source Clock     |Dest:Rise|Dest:Rise|Dest:Fall|Dest:Fall|
-----------------+---------+---------+---------+---------+
CLK_pci_sys_clk_n|   15.642|         |         |         |
CLK_pci_sys_clk_p|   15.642|         |         |         |
-----------------+---------+---------+---------+---------+

Clock to Setup on destination clock CLK_refclk_100
---------------+---------+---------+---------+---------+
               | Src:Rise| Src:Fall| Src:Rise| Src:Fall|
Source Clock   |Dest:Rise|Dest:Rise|Dest:Fall|Dest:Fall|
---------------+---------+---------+---------+---------+
CLK_refclk_100 |    5.546|         |    2.533|    1.771|
---------------+---------+---------+---------+---------+


Timing summary:
---------------

Timing errors: 247  Score: 566454  (Setup/Max: 121, Hold: 566333)

Constraints cover 5272693 paths, 0 nets, and 84878 connections

Design statistics:
   Minimum period:  16.480ns   (Maximum frequency:  60.680MHz)
   Maximum path delay from/to any node:   8.539ns
   Maximum output delay after clock:  13.992ns


Analysis completed Wed May  8 20:10:32 2013 
--------------------------------------------------------------------------------

Trace Settings:
-------------------------
Trace Settings 

Peak Memory Usage: 990 MB



